<?xml version="1.0" encoding="UTF-8"?>
<!-- Generated by org.testng.reporters.JUnitReportReporter -->
<testsuite hostname="EC2AMAZ-S11DBRH" failures="0" tests="1" name="testScripts.SimpleOneTest" time="5.102" errors="0" timestamp="2023-08-17T16:24:24 GMT" skipped="0">
  <testcase classname="testScripts.SimpleOneTest" name="searchCypressTest" time="5.102"/>
  <system-out/>
</testsuite> <!-- testScripts.SimpleOneTest -->
